<?xml version="1.0" encoding="UTF-8"?>
<!-- Generated by org.testng.reporters.JUnitXMLReporter -->
<testsuite ignored="0" hostname="DESKTOP-OB1OE1J" failures="2" tests="2" name="Regression 1" time="11.786" errors="0" timestamp="2021-06-23T13:18:49 IST">
  <testcase classname="TestCases.Login" name="login" time="1.437">
    <failure type="java.lang.AssertionError" message="expected [200] but found [400]">
      <![CDATA[java.lang.AssertionError: expected [200] but found [400]
at TestCases.Login.login(Login.java:43)
at java.base/java.util.ArrayList.forEach(ArrayList.java:1511)
... Removed 33 stack frames]]>
    </failure>
  </testcase> <!-- login -->
  <testcase classname="TestCases.ViewFarmCattle" name="viewFarmCattle" time="10.322">
    <failure type="java.lang.AssertionError" message="expected [200] but found [400]">
      <![CDATA[java.lang.AssertionError: expected [200] but found [400]
at TestCases.ViewFarmCattle.viewFarmCattle(ViewFarmCattle.java:42)
at java.base/java.util.ArrayList.forEach(ArrayList.java:1511)
... Removed 33 stack frames]]>
    </failure>
  </testcase> <!-- viewFarmCattle -->
</testsuite> <!-- Regression 1 -->
